<?xml version="1.0" encoding="UTF-8"?>
<!-- Generated by org.testng.reporters.JUnitReportReporter -->
<testsuite hostname="DESKTOP-TQNFIBP" failures="0" tests="1" name="com.example.myapp.TC01" time="12.516" errors="0" timestamp="2024-07-09T14:38:01 IST" skipped="0">
  <testcase classname="com.example.myapp.TC01" name="testcase1" time="12.516"/>
</testsuite> <!-- com.example.myapp.TC01 -->
