<?xml version="1.0" encoding="UTF-8"?>
<!-- Generated by org.testng.reporters.JUnitReportReporter -->
<testsuite hostname="DESKTOP-TQNFIBP" failures="0" tests="1" name="com.example.myapp.tests.TC02" time="5.963" errors="0" timestamp="2024-07-09T14:57:25 IST" skipped="0">
  <testcase classname="com.example.myapp.tests.TC02" name="testcase2" time="5.963"/>
</testsuite> <!-- com.example.myapp.tests.TC02 -->
