<?xml version="1.0" encoding="UTF-8"?>
<!-- Generated by org.testng.reporters.JUnitReportReporter -->
<testsuite hostname="DESKTOP-TQNFIBP" failures="0" tests="1" name="com.example.myapp.TC02" time="6.184" errors="0" timestamp="2024-07-09T14:38:01 IST" skipped="0">
  <testcase classname="com.example.myapp.TC02" name="testcase2" time="6.184"/>
</testsuite> <!-- com.example.myapp.TC02 -->
